<?xml version="1.0" encoding="utf-8"?><checkstyle version="4.3"><file name="C:\wamp\www\StaticHtmlSkeleton\src\bundles\app\index.js"><error line="5" column="17" severity="error" message="Unexpected chained assignment. (no-multi-assign)" source="eslint.rules.no-multi-assign" /><error line="9" column="7" severity="error" message="&apos;dataPicker&apos; is assigned a value but never used. (no-unused-vars)" source="eslint.rules.no-unused-vars" /><error line="10" column="7" severity="error" message="&apos;console&apos; is assigned a value but never used. (no-unused-vars)" source="eslint.rules.no-unused-vars" /><error line="11" column="7" severity="error" message="&apos;environment&apos; is assigned a value but never used. (no-unused-vars)" source="eslint.rules.no-unused-vars" /><error line="12" column="7" severity="error" message="&apos;notifications&apos; is assigned a value but never used. (no-unused-vars)" source="eslint.rules.no-unused-vars" /><error line="13" column="7" severity="error" message="&apos;supports&apos; is assigned a value but never used. (no-unused-vars)" source="eslint.rules.no-unused-vars" /><error line="14" column="7" severity="error" message="&apos;cookies&apos; is assigned a value but never used. (no-unused-vars)" source="eslint.rules.no-unused-vars" /><error line="15" column="7" severity="error" message="&apos;cookiePolicy&apos; is assigned a value but never used. (no-unused-vars)" source="eslint.rules.no-unused-vars" /><error line="16" column="7" severity="error" message="&apos;scripts&apos; is assigned a value but never used. (no-unused-vars)" source="eslint.rules.no-unused-vars" /></file><file name="C:\wamp\www\StaticHtmlSkeleton\src\js\CookiePolicy.js"><error line="7" column="2" severity="warning" message="Unexpected unnamed function. (func-names)" source="eslint.rules.func-names" /><error line="7" column="27" severity="error" message="&apos;window&apos; is defined but never used. (no-unused-vars)" source="eslint.rules.no-unused-vars" /><error line="7" column="35" severity="error" message="&apos;document&apos; is defined but never used. (no-unused-vars)" source="eslint.rules.no-unused-vars" /><error line="7" column="45" severity="error" message="Shadowing of global property &apos;undefined&apos;. (no-shadow-restricted-names)" source="eslint.rules.no-shadow-restricted-names" /><error line="7" column="45" severity="error" message="&apos;undefined&apos; is defined but never used. (no-unused-vars)" source="eslint.rules.no-unused-vars" /><error line="8" column="5" severity="error" message="Assignment to property of function parameter &apos;SkeletonApp&apos;. (no-param-reassign)" source="eslint.rules.no-param-reassign" /><error line="8" column="32" severity="warning" message="Unexpected unnamed function. (func-names)" source="eslint.rules.func-names" /><error line="19" column="64" severity="error" message="&apos;e&apos; is defined but never used. (no-unused-vars)" source="eslint.rules.no-unused-vars" /></file><file name="C:\wamp\www\StaticHtmlSkeleton\src\js\core\index.js"></file><file name="C:\wamp\www\StaticHtmlSkeleton\src\js\helpers\console.js"><error line="5" column="2" severity="warning" message="Unexpected unnamed function. (func-names)" source="eslint.rules.func-names" /><error line="7" column="9" severity="error" message="Read-only global &apos;console&apos; should not be modified. (no-global-assign)" source="eslint.rules.no-global-assign" /><error line="14" column="18" severity="warning" message="Unexpected unnamed function. (func-names)" source="eslint.rules.func-names" /><error line="16" column="39" severity="error" message="Unary operator &apos;++&apos; used. (no-plusplus)" source="eslint.rules.no-plusplus" /><error line="17" column="14" severity="warning" message="Unexpected console statement. (no-console)" source="eslint.rules.no-console" /><error line="18" column="13" severity="warning" message="Unexpected console statement. (no-console)" source="eslint.rules.no-console" /></file><file name="C:\wamp\www\StaticHtmlSkeleton\src\js\helpers\Cookies.js"><error line="12" column="2" severity="warning" message="Unexpected unnamed function. (func-names)" source="eslint.rules.func-names" /><error line="13" column="5" severity="error" message="Assignment to property of function parameter &apos;SkeletonApp&apos;. (no-param-reassign)" source="eslint.rules.no-param-reassign" /><error line="21" column="64" severity="error" message="Unnecessary escape character: \-. (no-useless-escape)" source="eslint.rules.no-useless-escape" /><error line="21" column="66" severity="error" message="Unnecessary escape character: \.. (no-useless-escape)" source="eslint.rules.no-useless-escape" /><error line="21" column="68" severity="error" message="Unnecessary escape character: \+. (no-useless-escape)" source="eslint.rules.no-useless-escape" /><error line="21" column="70" severity="error" message="Unnecessary escape character: \*. (no-useless-escape)" source="eslint.rules.no-useless-escape" /><error line="28" column="42" severity="error" message="Unnecessary escape character: \-. (no-useless-escape)" source="eslint.rules.no-useless-escape" /><error line="33" column="17" severity="error" message="Expected a default case. (default-case)" source="eslint.rules.default-case" /><error line="58" column="68" severity="error" message="Unnecessary escape character: \-. (no-useless-escape)" source="eslint.rules.no-useless-escape" /><error line="58" column="70" severity="error" message="Unnecessary escape character: \.. (no-useless-escape)" source="eslint.rules.no-useless-escape" /><error line="58" column="72" severity="error" message="Unnecessary escape character: \+. (no-useless-escape)" source="eslint.rules.no-useless-escape" /><error line="58" column="74" severity="error" message="Unnecessary escape character: \*. (no-useless-escape)" source="eslint.rules.no-useless-escape" /><error line="63" column="40" severity="error" message="Unnecessary escape character: \=. (no-useless-escape)" source="eslint.rules.no-useless-escape" /><error line="63" column="64" severity="error" message="Unnecessary escape character: \=. (no-useless-escape)" source="eslint.rules.no-useless-escape" /><error line="64" column="31" severity="error" message="Unnecessary escape character: \=. (no-useless-escape)" source="eslint.rules.no-useless-escape" /><error line="65" column="53" severity="error" message="Unary operator &apos;++&apos; used. (no-plusplus)" source="eslint.rules.no-plusplus" /></file><file name="C:\wamp\www\StaticHtmlSkeleton\src\js\helpers\MobileDetection.js"><error line="3" column="2" severity="warning" message="Unexpected unnamed function. (func-names)" source="eslint.rules.func-names" /><error line="4" column="5" severity="error" message="Assignment to property of function parameter &apos;SkeletonApp&apos;. (no-param-reassign)" source="eslint.rules.no-param-reassign" /></file><file name="C:\wamp\www\StaticHtmlSkeleton\src\js\helpers\NotificationDispatcher.js"><error line="1" column="7" severity="error" message="&apos;notifications&apos; is assigned a value but never used. (no-unused-vars)" source="eslint.rules.no-unused-vars" /><error line="3" column="2" severity="warning" message="Unexpected unnamed function. (func-names)" source="eslint.rules.func-names" /><error line="3" column="11" severity="error" message="&apos;SkeletonApp&apos; is defined but never used. (no-unused-vars)" source="eslint.rules.no-unused-vars" /><error line="3" column="24" severity="error" message="&apos;$&apos; is defined but never used. (no-unused-vars)" source="eslint.rules.no-unused-vars" /><error line="4" column="5" severity="error" message="Unexpected var, use let or const instead. (no-var)" source="eslint.rules.no-var" /><error line="49" column="21" severity="error" message="Use object destructuring. (prefer-destructuring)" source="eslint.rules.prefer-destructuring" /><error line="68" column="17" severity="error" message="Assignment to function parameter &apos;destroyOnUse&apos;. (no-param-reassign)" source="eslint.rules.no-param-reassign" /></file><file name="C:\wamp\www\StaticHtmlSkeleton\src\js\helpers\Supports.js"><error line="3" column="2" severity="warning" message="Unexpected unnamed function. (func-names)" source="eslint.rules.func-names" /><error line="4" column="5" severity="error" message="Assignment to property of function parameter &apos;SkeletonApp&apos;. (no-param-reassign)" source="eslint.rules.no-param-reassign" /><error line="7" column="106" severity="error" message="&apos;DocumentTouch&apos; is not defined. (no-undef)" source="eslint.rules.no-undef" /><error line="11" column="34" severity="warning" message="Unexpected unnamed function. (func-names)" source="eslint.rules.func-names" /></file><file name="C:\wamp\www\StaticHtmlSkeleton\src\js\helpers\Trak.js"><error line="15" column="2" severity="warning" message="Unexpected unnamed function. (func-names)" source="eslint.rules.func-names" /><error line="16" column="5" severity="error" message="Assignment to property of function parameter &apos;SkeletonApp&apos;. (no-param-reassign)" source="eslint.rules.no-param-reassign" /><error line="23" column="17" severity="error" message="&apos;ga&apos; is not defined. (no-undef)" source="eslint.rules.no-undef" /></file><file name="C:\wamp\www\StaticHtmlSkeleton\src\js\sample_plugin.js"><error line="12" column="2" severity="warning" message="Unexpected unnamed function. (func-names)" source="eslint.rules.func-names" /><error line="18" column="5" severity="error" message="Assignment to property of function parameter &apos;$&apos;. (no-param-reassign)" source="eslint.rules.no-param-reassign" /><error line="18" column="26" severity="warning" message="Unexpected unnamed function. (func-names)" source="eslint.rules.func-names" /><error line="19" column="9" severity="error" message="Assignment to function parameter &apos;options&apos;. (no-param-reassign)" source="eslint.rules.no-param-reassign" /><error line="21" column="26" severity="warning" message="Unexpected unnamed function. (func-names)" source="eslint.rules.func-names" /></file><file name="C:\wamp\www\StaticHtmlSkeleton\src\js\scripts.js"><error line="8" column="2" severity="warning" message="Unexpected unnamed function. (func-names)" source="eslint.rules.func-names" /><error line="8" column="45" severity="error" message="Shadowing of global property &apos;undefined&apos;. (no-shadow-restricted-names)" source="eslint.rules.no-shadow-restricted-names" /><error line="8" column="45" severity="error" message="&apos;undefined&apos; is defined but never used. (no-unused-vars)" source="eslint.rules.no-unused-vars" /><error line="13" column="5" severity="error" message="Assignment to property of function parameter &apos;SkeletonApp&apos;. (no-param-reassign)" source="eslint.rules.no-param-reassign" /><error line="31" column="5" severity="error" message="Assignment to property of function parameter &apos;SkeletonApp&apos;. (no-param-reassign)" source="eslint.rules.no-param-reassign" /><error line="66" column="75" severity="warning" message="Unexpected unnamed function. (func-names)" source="eslint.rules.func-names" /><error line="80" column="52" severity="warning" message="Unexpected unnamed function. (func-names)" source="eslint.rules.func-names" /><error line="80" column="61" severity="error" message="&apos;carouselIndex&apos; is defined but never used. (no-unused-vars)" source="eslint.rules.no-unused-vars" /><error line="99" column="5" severity="error" message="Assignment to property of function parameter &apos;SkeletonApp&apos;. (no-param-reassign)" source="eslint.rules.no-param-reassign" /><error line="106" column="5" severity="error" message="Assignment to property of function parameter &apos;SkeletonApp&apos;. (no-param-reassign)" source="eslint.rules.no-param-reassign" /><error line="120" column="5" severity="error" message="Assignment to property of function parameter &apos;SkeletonApp&apos;. (no-param-reassign)" source="eslint.rules.no-param-reassign" /><error line="124" column="5" severity="error" message="Assignment to property of function parameter &apos;SkeletonApp&apos;. (no-param-reassign)" source="eslint.rules.no-param-reassign" /><error line="126" column="17" severity="error" message="&apos;currentBreakpoint&apos; is assigned a value but never used. (no-unused-vars)" source="eslint.rules.no-unused-vars" /><error line="131" column="21" severity="error" message="&apos;notifications&apos; is not defined. (no-undef)" source="eslint.rules.no-undef" /><error line="131" column="52" severity="error" message="&apos;notifications&apos; is not defined. (no-undef)" source="eslint.rules.no-undef" /><error line="134" column="44" severity="warning" message="Unexpected unnamed function. (func-names)" source="eslint.rules.func-names" /><error line="134" column="53" severity="error" message="&apos;carouselIndex&apos; is defined but never used. (no-unused-vars)" source="eslint.rules.no-unused-vars" /><error line="141" column="52" severity="error" message="&apos;event&apos; is defined but never used. (no-unused-vars)" source="eslint.rules.no-unused-vars" /><error line="141" column="59" severity="error" message="&apos;newSize&apos; is defined but never used. (no-unused-vars)" source="eslint.rules.no-unused-vars" /><error line="141" column="68" severity="error" message="&apos;oldSize&apos; is defined but never used. (no-unused-vars)" source="eslint.rules.no-unused-vars" /><error line="147" column="5" severity="error" message="Assignment to property of function parameter &apos;SkeletonApp&apos;. (no-param-reassign)" source="eslint.rules.no-param-reassign" /></file><file name="C:\wamp\www\StaticHtmlSkeleton\src\views\data\index.js"></file></checkstyle>
